<!DOCTYPE suite SYSTEM "https://testng.org/testng-1.0.dtd" >

<suite name="Suite1" verbose="1" >
    <test name="Test Contacts" >
        <classes>
            <class name="am.jtrain.addressbook.web.tests.ContactCreationTests"/>
            <class name="am.jtrain.addressbook.web.tests.ContactModificationTests"/>
            <class name="am.jtrain.addressbook.web.tests.ContactDeletionTests"/>
            <class name="am.jtrain.addressbook.web.tests.ContactInfoTests"/>
        </classes>
    </test>
</suite>
