<!DOCTYPE suite SYSTEM "https://testng.org/testng-1.0.dtd" >

<suite name="Suite1" verbose="1" >
    <test name="Test Groups" >
        <classes>
            <class name="am.jtrain.addressbook.web.tests.GroupCreationTests"/>
            <class name="am.jtrain.addressbook.web.tests.GroupModificationTests"/>
            <class name="am.jtrain.addressbook.web.tests.GroupDeletionTests"/>
        </classes>
    </test>
</suite>